<?xml version="1.0" encoding="UTF-8"?>
<!-- Generated by org.testng.reporters.JUnitXMLReporter -->
<testsuite hostname="DESKTOP-6R4TCBS" ignored="8" name="Default test" tests="1" failures="0" timestamp="20 Jul 2019 10:38:52 GMT" time="5.096" errors="0">
  <testcase name="getListOfUsers" time="5.046" classname="RestApiUsingRestAssured.RestApiRestAssured.APIBasics"/>
  <testcase name="deleteSingleUser" time="0.0" classname="RestApiUsingRestAssured.RestApiRestAssured.APIBasics">
    <ignored/>
  </testcase> <!-- deleteSingleUser -->
  <testcase name="getSingleUserNotFound" time="0.0" classname="RestApiUsingRestAssured.RestApiRestAssured.APIBasics">
    <ignored/>
  </testcase> <!-- getSingleUserNotFound -->
  <testcase name="patchSingleUser" time="0.0" classname="RestApiUsingRestAssured.RestApiRestAssured.APIBasics">
    <ignored/>
  </testcase> <!-- patchSingleUser -->
  <testcase name="postLoginUser" time="0.0" classname="RestApiUsingRestAssured.RestApiRestAssured.APIBasics">
    <ignored/>
  </testcase> <!-- postLoginUser -->
  <testcase name="updateSingleUser" time="0.0" classname="RestApiUsingRestAssured.RestApiRestAssured.APIBasics">
    <ignored/>
  </testcase> <!-- updateSingleUser -->
  <testcase name="getSingleUser" time="0.0" classname="RestApiUsingRestAssured.RestApiRestAssured.APIBasics">
    <ignored/>
  </testcase> <!-- getSingleUser -->
  <testcase name="postSingleUser" time="0.0" classname="RestApiUsingRestAssured.RestApiRestAssured.APIBasics">
    <ignored/>
  </testcase> <!-- postSingleUser -->
  <testcase name="postRegisterUser" time="0.0" classname="RestApiUsingRestAssured.RestApiRestAssured.APIBasics">
    <ignored/>
  </testcase> <!-- postRegisterUser -->
</testsuite> <!-- Default test -->
