<?xml version="1.0" encoding="UTF-8"?>
<testng-results skipped="0" failed="0" ignored="8" total="9" passed="1">
  <reporter-output>
  </reporter-output>
  <suite name="Default suite" duration-ms="5096" started-at="2019-07-20T10:38:47Z" finished-at="2019-07-20T10:38:52Z">
    <groups>
    </groups>
    <test name="Default test" duration-ms="5096" started-at="2019-07-20T10:38:47Z" finished-at="2019-07-20T10:38:52Z">
      <class name="RestApiUsingRestAssured.RestApiRestAssured.APIBasics">
        <test-method status="PASS" signature="getListOfUsers()[pri:0, instance:RestApiUsingRestAssured.RestApiRestAssured.APIBasics@158da8e]" name="getListOfUsers" duration-ms="5046" started-at="2019-07-20T10:38:47Z" finished-at="2019-07-20T10:38:52Z">
          <reporter-output>
          </reporter-output>
        </test-method> <!-- getListOfUsers -->
      </class> <!-- RestApiUsingRestAssured.RestApiRestAssured.APIBasics -->
    </test> <!-- Default test -->
  </suite> <!-- Default suite -->
</testng-results>
