<?xml version="1.0" encoding="UTF-8"?>
<!-- Generated by org.testng.reporters.JUnitXMLReporter -->
<testsuite hostname="DESKTOP-6R4TCBS" ignored="0" name="Test" tests="5" failures="2" timestamp="14 May 2019 04:19:35 GMT" time="9.514" errors="0">
  <testcase name="DisplayAllNodesInWeatherAPI" time="5.016" classname="RestApiUsingRestAssured.RestApiRestAssured.AppTest"/>
  <testcase name="GetWeatherDetails" time="1.065" classname="RestApiUsingRestAssured.RestApiRestAssured.AppTest"/>
  <testcase name="RegistrationSuccessful" time="1.119" classname="RestApiUsingRestAssured.RestApiRestAssured.AppTest">
    <failure type="java.lang.AssertionError" message="expected [201] but found [200]">
      <![CDATA[java.lang.AssertionError: expected [201] but found [200]
at RestApiUsingRestAssured.RestApiRestAssured.AppTest.RegistrationSuccessful(AppTest.java:120)
... Removed 31 stack frames]]>
    </failure>
  </testcase> <!-- RegistrationSuccessful -->
  <testcase name="RegistrationSuccessfullDeserializingJson" time="1.325" classname="RestApiUsingRestAssured.RestApiRestAssured.AppTest">
    <failure type="java.lang.IllegalStateException" message="Cannot parse object because no JSON deserializer found in classpath. Please put either Jackson or Gson in the classpath.">
      <![CDATA[java.lang.IllegalStateException: Cannot parse object because no JSON deserializer found in classpath. Please put either Jackson or Gson in the classpath.
at org.codehaus.groovy.runtime.callsite.ConstructorSite$ConstructorSiteNoUnwrapNoCoerce.callConstructor(ConstructorSite.java:105)
at org.codehaus.groovy.runtime.callsite.CallSiteArray.defaultCallConstructor(CallSiteArray.java:60)
at org.codehaus.groovy.runtime.callsite.AbstractCallSite.callConstructor(AbstractCallSite.java:235)
at org.codehaus.groovy.runtime.callsite.AbstractCallSite.callConstructor(AbstractCallSite.java:247)
at io.restassured.internal.mapping.ObjectMapping.deserialize(ObjectMapping.groovy:61)
at io.restassured.internal.mapping.ObjectMapping$deserialize.call(Unknown Source)
at org.codehaus.groovy.runtime.callsite.CallSiteArray.defaultCall(CallSiteArray.java:48)
at org.codehaus.groovy.runtime.callsite.AbstractCallSite.call(AbstractCallSite.java:113)
at io.restassured.internal.RestAssuredResponseOptionsGroovyImpl.as(RestAssuredResponseOptionsGroovyImpl.groovy:222)
at io.restassured.internal.RestAssuredResponseOptionsImpl.as(RestAssuredResponseOptionsImpl.java:164)
at RestApiUsingRestAssured.RestApiRestAssured.AppTest.RegistrationSuccessfullDeserializingJson(AppTest.java:145)
... Removed 30 stack frames]]>
    </failure>
  </testcase> <!-- RegistrationSuccessfullDeserializingJson -->
  <testcase name="VerifyCityInJsonResponse" time="0.922" classname="RestApiUsingRestAssured.RestApiRestAssured.AppTest"/>
</testsuite> <!-- Test -->
